[www.bucketheaddatabase.com/index.html]
[backblue.gif]
[fade.gif]
[index.html]
[assets.squarespace.com/@sqs/polyfiller/1.6/legacy.js]
[assets.squarespace.com/universal/scripts-compressed/extract-css-runtime-7a8e088155a09804-min.en-US.js]
[assets.squarespace.com/universal/scripts-compressed/cldr-resource-pack-22ed584d99d9b83d-min.en-US.js]
[assets.squarespace.com/@sqs/polyfiller/1.6/modern.js]
[assets.squarespace.com/universal/scripts-compressed/extract-css-moment-js-vendor-6f2a1f6ec9a41489-min.en-US.js]
[assets.squarespace.com/universal/scripts-compressed/common-vendors-stable-fbd854d40b0804b7-min.en-US.js]
[assets.squarespace.com/universal/styles-compressed/user-account-core-deec763d109d5251-min.en-US.css]
[assets.squarespace.com/universal/scripts-compressed/user-account-core-54beb9f77f8a6b8c-min.en-US.js]
[assets.squarespace.com/universal/scripts-compressed/performance-486d93565a174fa8-min.en-US.js]
[assets.squarespace.com/universal/scripts-compressed/common-vendors-3962200ba715274e-min.en-US.js]
[definitions.sqspcdn.com/website-component-definition/static-assets/website.components.imageFluid/e929e3df-4889-4f61-a9d3-4d2938a1c285_193/website.components.imageFluid.styles.css]
[definitions.sqspcdn.com/website-component-definition/static-assets/website.components.imageFluid/e929e3df-4889-4f61-a9d3-4d2938a1c285_193/8018.js]
[definitions.sqspcdn.com/website-component-definition/static-assets/website.components.imageFluid/e929e3df-4889-4f61-a9d3-4d2938a1c285_193/image-effect-liquid.js]
[definitions.sqspcdn.com/website-component-definition/static-assets/website.components.imageFluid/e929e3df-4889-4f61-a9d3-4d2938a1c285_193/image-effect-refracted-lines.js]
[definitions.sqspcdn.com/website-component-definition/static-assets/website.components.imageFluid/e929e3df-4889-4f61-a9d3-4d2938a1c285_193/website.components.imageFluid.visitor.js]
[definitions.sqspcdn.com/website-component-definition/static-assets/website.components.imageFluid/e929e3df-4889-4f61-a9d3-4d2938a1c285_193/9882.js]
[definitions.sqspcdn.com/website-component-definition/static-assets/website.components.imageFluid/e929e3df-4889-4f61-a9d3-4d2938a1c285_193/image-effect-parallax.js]
[definitions.sqspcdn.com/website-component-definition/static-assets/website.components.imageFluid/e929e3df-4889-4f61-a9d3-4d2938a1c285_193/website.components.imageFluid.shared.constants.js]
[definitions.sqspcdn.com/website-component-definition/static-assets/website.components.imageFluid/e929e3df-4889-4f61-a9d3-4d2938a1c285_193/image-effect-film-grain.js]
[definitions.sqspcdn.com/website-component-definition/static-assets/website.components.imageFluid/e929e3df-4889-4f61-a9d3-4d2938a1c285_193/image-effect-refracted-circles.js]
[definitions.sqspcdn.com/website-component-definition/static-assets/website.components.imageFluid/e929e3df-4889-4f61-a9d3-4d2938a1c285_193/748.js]
[static1.squarespace.com/static/vta/5c5a519771c10ba3470d8101/versioned-assets/1771441478242-2KJ6E4XSE8IDDFKSAHZS/static.css]
[www.bucketheaddatabase.com/by-year.html]
[www.bucketheaddatabase.com/cart.html]
[static1.squarespace.com/static/versioned-site-css/67f17322235df916ad348b0e/14/5c5a519771c10ba3470d8101/67f17322235df916ad348b16/1741/site.css]
[images.squarespace-cdn.com/content/v1/67f17322235df916ad348b0e/edf21f36-b6c0-4979-9136-3d30133bf344/BY+YEAR.png]
[www.bucketheaddatabase.com/by-gear-1.html]
[images.squarespace-cdn.com/content/v1/67f17322235df916ad348b0e/606922fa-dc14-4e32-95ea-aa1d98626cab/BY+GEAR.png]
[www.bucketheaddatabase.com/by-project.html]
[images.squarespace-cdn.com/content/v1/67f17322235df916ad348b0e/84b7e4bc-268c-40fe-bc6d-344596fe8bb4/BY+PROJECT.png]
[assets.squarespace.com/universal/scripts-compressed/common-e7d7337288a9ca39-min.en-US.js]
[images.squarespace-cdn.com/content/v1/67f17322235df916ad348b0e/b2deae23-e92c-412b-8381-91c73fa861b0/youtube.png]
[images.squarespace-cdn.com/content/v1/67f17322235df916ad348b0e/94513c08-2910-4540-9e83-cac93eadaa3e/pikes.png]
[images.squarespace-cdn.com/content/v1/67f17322235df916ad348b0e/8bb2e914-0597-4428-b746-f903b1a4364c/tour.png]
[www.bucketheaddatabase.com/index.html]
[assets.squarespace.com/universal/styles-compressed/user-account-core-deec763d109d5251-min.en-US.css]
[definitions.sqspcdn.com/website-component-definition/static-assets/website.components.imageFluid/e929e3df-4889-4f61-a9d3-4d2938a1c285_193/website.components.imageFluid.styles.css]
[assets.squarespace.com/universal/images-v6/damask/error-dark.png]
[assets.squarespace.com/universal/images-v6/damask/error-dark@2x.png]
[assets.squarespace.com/universal/images-v6/damask/play-button.png]
[static1.squarespace.com/static/vta/5c5a519771c10ba3470d8101/scripts/site-bundle.4048606de8bae1a858c59c5fe6cb8a21.js]
[assets.squarespace.com/universal/images-v6/damask/play-button@2x.png]
[assets.squarespace.com/universal/images-v6/damask/edit-aviary-light.png]
[assets.squarespace.com/universal/images-v6/damask/edit-aviary-light@2x.png]
[assets.squarespace.com/universal/images-v6/damask/edit-info-light.png]
[assets.squarespace.com/universal/images-v6/damask/edit-info-light@2x.png]
[assets.squarespace.com/universal/images-v6/damask/trash-9-light.png]
[assets.squarespace.com/universal/images-v6/damask/trash-9-light@2x.png]
[assets.squarespace.com/universal/images-v6/damask/trash-9-red.png]
[assets.squarespace.com/universal/images-v6/damask/trash-9-red@2x.png]
[assets.squarespace.com/universal/images-v6/damask/getty-16-light.png]
[assets.squarespace.com/universal/images-v6/damask/getty-32-light.png]
[assets.squarespace.com/universal/images-v6/damask/shopping-cart-16-light.png]
[assets.squarespace.com/universal/images-v6/damask/shopping-cart-32-light.png]
[assets.squarespace.com/universal/images-v6/icons/block-indicator-dark.png]
[assets.squarespace.com/universal/images-v6/icons/block-indicator-dark@2x.png]
[assets.squarespace.com/universal/images-v6/icons/opentable-icons.png]
[assets.squarespace.com/universal/images-v6/icons/icon-searchqueries-20-dark.png]
[assets.squarespace.com/universal/images-v6/icons/icon-searchqueries-20-light.png]
[assets.squarespace.com/universal/images-v6/icons/icon-video-24-light-solid.png]
[assets.squarespace.com/universal/images-v6/standard/icon_close_7_light.png]
[assets.squarespace.com/universal/images-v6/icons/icon-settings-16-light.png]
[static1.squarespace.com/static/versioned-site-css/67f17322235df916ad348b0e/14/5c5a519771c10ba3470d8101/67f17322235df916ad348b16/1741/site.css]
[static1.squarespace.com/static/vta/5c5a519771c10ba3470d8101/versioned-assets/1771441478242-2KJ6E4XSE8IDDFKSAHZS/static.css]
[assets.squarespace.com/universal/scripts-compressed/extract-css-runtime-740e622cf373fa1c-min.en-US.js]
[www.bucketheaddatabase.com/cart.html]
[assets.squarespace.com/universal/scripts-compressed/extract-css-runtime-4cdd38657bb9d5f8-min.en-US.js]
[www.bucketheaddatabase.com/1990-2000.html]
[images.squarespace-cdn.com/content/v1/67f17322235df916ad348b0e/2b430036-569f-492f-b7d0-eb2c71fa69b0/1990+2000.png]
[images.squarespace-cdn.com/content/v1/67f17322235df916ad348b0e/47be1fe5-dc95-43e7-81d8-2237579a5c7b/2001+2010.png]
[www.bucketheaddatabase.com/2001-2010-1.html]
[images.squarespace-cdn.com/content/v1/67f17322235df916ad348b0e/6bd64685-c94b-4dbd-8fc2-c15a912280d9/2011++2020.png]
[www.bucketheaddatabase.com/2011-2020.html]
[www.bucketheaddatabase.com/by-year.html]
[images.squarespace-cdn.com/content/v1/67f17322235df916ad348b0e/c4a46da9-60f7-4b02-bae8-d414355582a4/2021.png]
[images.squarespace-cdn.com/content/v1/67f17322235df916ad348b0e/93949f88-b1eb-4777-8c01-a180713b557d/KRAMER.png]
[www.bucketheaddatabase.com/2021.html]
[www.bucketheaddatabase.com/talon.html]
[images.squarespace-cdn.com/content/v1/67f17322235df916ad348b0e/c52b0aaf-43df-4646-94d7-70069ef4b7d5/HEARTFIELD+TALON+2.png]
[images.squarespace-cdn.com/content/v1/67f17322235df916ad348b0e/ff6d31c2-a238-4f78-b5fd-20e657fbe31d/ESP+“SKULLS”.png]
[www.bucketheaddatabase.com/esp-skulls.html]
[images.squarespace-cdn.com/content/v1/67f17322235df916ad348b0e/47b8df97-fbf2-4ad6-81e6-77bb10b74315/ESP+MV.png]
[www.bucketheaddatabase.com/esp-mv.html]
[images.squarespace-cdn.com/content/v1/67f17322235df916ad348b0e/b885c3e8-a409-47a0-9c96-349d83b6e0b0/ESP+M-II.png]
[images.squarespace-cdn.com/content/v1/67f17322235df916ad348b0e/c8cd227c-aa90-4c81-897c-5ad9d4d663f8/GIBSON+SG.png]
[images.squarespace-cdn.com/content/v1/67f17322235df916ad348b0e/f32aa803-07ff-44b4-a695-34e6db614284/FENDER+STRAT.png]
[images.squarespace-cdn.com/content/v1/67f17322235df916ad348b0e/56ae1483-ef49-4dfe-ac38-3cbc95a4d68e/IBANEZ++RR550.png]
[images.squarespace-cdn.com/content/v1/67f17322235df916ad348b0e/20f7b68f-ffcd-4071-99a2-dfc54f48c1c2/VIGIER.png]
[www.bucketheaddatabase.com/esp-m-ii.html]
[www.bucketheaddatabase.com/rocket-roll.html]
[www.bucketheaddatabase.com/coopwood.html]
[images.squarespace-cdn.com/content/v1/67f17322235df916ad348b0e/9530778d-6efc-4de7-b2d1-8e61be360cf3/JACKSON+COOPWOOD+Y2KV.png]
[images.squarespace-cdn.com/content/v1/67f17322235df916ad348b0e/469e2b4d-6e69-4b44-93ab-379e652eabdd/JACKSON+KFC+V.png]
[images.squarespace-cdn.com/content/v1/67f17322235df916ad348b0e/c8ec96cc-6506-47b1-977a-261bf5a07308/JACKSON+DOUBLE+NECK.png]
[www.bucketheaddatabase.com/kfc-v.html]
[www.bucketheaddatabase.com/gibson-lp-24-fret.html]
[images.squarespace-cdn.com/content/v1/67f17322235df916ad348b0e/08822306-71a2-4458-9fe8-56092234e9b8/GIBSON+LP+24+FRET.png]
[images.squarespace-cdn.com/content/v1/67f17322235df916ad348b0e/8c589a03-bf1c-4d02-a029-f9cfa5270130/GIBSON+LP+22+FRET.png]
[www.bucketheaddatabase.com/gibson-lp-22-fret.html]
[images.squarespace-cdn.com/content/v1/67f17322235df916ad348b0e/e4d678ab-5b85-4d6d-b407-aa156db16e0a/Yamaha+Custom.png]
[images.squarespace-cdn.com/content/v1/67f17322235df916ad348b0e/14176993-a455-498a-9155-ef0ebedfd06f/GIBSON+SUNBURST+LP.png]
[images.squarespace-cdn.com/content/v1/67f17322235df916ad348b0e/6ede2d78-7b79-4477-b6df-1d035d7f8b08/GIBSON+SIG+PROTOTYPE.png]
[www.bucketheaddatabase.com/yamaha-custom.html]
[www.bucketheaddatabase.com/gibson-lp-sig.html]
[images.squarespace-cdn.com/content/v1/67f17322235df916ad348b0e/93d49569-1f68-4bf4-8725-bbe5856466c0/GIBSON+LP+SIG.png]
[www.bucketheaddatabase.com/gibson-lp-studio.html]
[images.squarespace-cdn.com/content/v1/67f17322235df916ad348b0e/8f626c72-4bf1-422c-93bf-fa074119ea5f/GIBSON+LP+STUDIO.png]
[www.bucketheaddatabase.com/by-gear-1.html]
[images.squarespace-cdn.com/content/v1/67f17322235df916ad348b0e/c7e11000-54ac-4c34-a73c-c598853987ec/Solo.png]
[images.squarespace-cdn.com/content/v1/67f17322235df916ad348b0e/a8e5cdfa-1ac3-40e7-b22e-687f6264fc70/c2b3.png]
[images.squarespace-cdn.com/content/v1/67f17322235df916ad348b0e/e582ad62-1d21-45ca-9ee6-a0c65df439dd/Deli.png]
[images.squarespace-cdn.com/content/v1/67f17322235df916ad348b0e/b37386ee-7f5c-40e3-9e5c-b77638567d34/el+stew.png]
[images.squarespace-cdn.com/content/v1/67f17322235df916ad348b0e/352c117d-ca83-4af2-b92c-75fb38c202ad/GR.png]
[images.squarespace-cdn.com/content/v1/67f17322235df916ad348b0e/1f3bdc9f-ead2-45bf-98d9-9f37db5ff76e/GRI.png]
[images.squarespace-cdn.com/content/v1/67f17322235df916ad348b0e/4c806c58-d8cc-475a-96c4-cc78207ba291/grii.png]
[images.squarespace-cdn.com/content/v1/67f17322235df916ad348b0e/4f00f9d0-47e3-4029-9de1-8725cf6e3dbc/Guns.png]
[www.bucketheaddatabase.com/by-project.html]
[images.squarespace-cdn.com/content/v1/67f17322235df916ad348b0e/20d14dee-c68f-4aa1-84a5-8d1941e4e7ba/praxis.png]
[images.squarespace-cdn.com/content/v1/67f17322235df916ad348b0e/26e08f9c-5590-4d3f-865f-26f6f6dd83a3/1990.png]
[images.squarespace-cdn.com/content/v1/67f17322235df916ad348b0e/327e82e5-7753-456a-a5db-6f20da6bb774/1991.png]
[images.squarespace-cdn.com/content/v1/67f17322235df916ad348b0e/80a2eb97-2561-41ef-a2e1-664fe71d17b9/1993.png]
[images.squarespace-cdn.com/content/v1/67f17322235df916ad348b0e/adb48f06-b948-4dbd-bea2-0852ea81a903/1995.png]
[images.squarespace-cdn.com/content/v1/67f17322235df916ad348b0e/17efc18a-a44c-4db1-9242-8d1f5d941236/1996.png]
[images.squarespace-cdn.com/content/v1/67f17322235df916ad348b0e/4eb6b991-c390-4a2f-82a4-ec5ffcb2b336/1997.png]
[images.squarespace-cdn.com/content/v1/67f17322235df916ad348b0e/763a6921-140b-4038-9d8f-b58027090472/2000.png]
[images.squarespace-cdn.com/content/v1/67f17322235df916ad348b0e/84b9073d-d909-49aa-bc8a-581a5c94c274/1998.png]
[images.squarespace-cdn.com/content/v1/67f17322235df916ad348b0e/39115324-f794-43c0-a7ee-dadb8f49d087/1999.png]
[www.bucketheaddatabase.com/1990-2000.html]
[images.squarespace-cdn.com/content/v1/67f17322235df916ad348b0e/75738de9-2aae-4175-9636-4786bbb88c22/2001.png]
[images.squarespace-cdn.com/content/v1/67f17322235df916ad348b0e/b7931b0c-b373-4773-864e-31f441db7518/2002.png]
[images.squarespace-cdn.com/content/v1/67f17322235df916ad348b0e/50b63bb8-501a-4bf6-aa10-897e7cacf44f/2003.png]
[images.squarespace-cdn.com/content/v1/67f17322235df916ad348b0e/8f12ff86-7293-434a-b11b-f20d82082f1b/2004.png]
[images.squarespace-cdn.com/content/v1/67f17322235df916ad348b0e/50546e82-e9e2-4345-bf69-cfda48ed8d77/2005.png]
[images.squarespace-cdn.com/content/v1/67f17322235df916ad348b0e/2df19499-f26e-48ee-8e59-6ae728f61421/2006.png]
[images.squarespace-cdn.com/content/v1/67f17322235df916ad348b0e/0d81d935-0c99-48fc-a017-6b2b5d3a7f3e/2008.png]
[images.squarespace-cdn.com/content/v1/67f17322235df916ad348b0e/1eed2c64-0edb-45ca-ac4b-0c1868737544/2009.png]
[www.bucketheaddatabase.com/2001-2010-1.html]
[images.squarespace-cdn.com/content/v1/67f17322235df916ad348b0e/007e32aa-428e-42f7-af64-9155cb3194b0/2011.png]
[images.squarespace-cdn.com/content/v1/67f17322235df916ad348b0e/d47149eb-9249-434b-83be-5feda2b5ae38/2012.png]
[images.squarespace-cdn.com/content/v1/67f17322235df916ad348b0e/4b343418-aadf-4de9-a534-4cfb4030a8f5/2016.png]
[images.squarespace-cdn.com/content/v1/67f17322235df916ad348b0e/1647a30d-d875-42e7-b54d-923addd54e58/2017.png]
[images.squarespace-cdn.com/content/v1/67f17322235df916ad348b0e/bc1519f9-683c-4df6-a555-6672e6a36d0a/2018.png]
[images.squarespace-cdn.com/content/v1/67f17322235df916ad348b0e/8253e397-a05c-4271-b2d1-d639c230d58c/2019.png]
[www.bucketheaddatabase.com/2011-2020.html]
[images.squarespace-cdn.com/content/v1/67f17322235df916ad348b0e/83d60a5b-33a5-444d-aae4-be4fe341502a/2022.png]
[images.squarespace-cdn.com/content/v1/67f17322235df916ad348b0e/0768fadb-6437-423d-9341-80613e7e7d9b/2023.png]
[images.squarespace-cdn.com/content/v1/67f17322235df916ad348b0e/44b81a52-5bb9-448e-b8f4-d3195c3bf593/2025.png]
[www.bucketheaddatabase.com/2021.html]
[images.squarespace-cdn.com/content/v1/67f17322235df916ad348b0e/cb0c9b92-d8d5-4c57-ac9f-14082c07f829/2024.png]
[images.squarespace-cdn.com/content/v1/67f17322235df916ad348b0e/db52681a-d55d-4178-be6c-7d69c7427b48/vlcsnap-2025-04-29-15h12m14s379.png]
[images.squarespace-cdn.com/content/v1/67f17322235df916ad348b0e/cefb0a02-b52b-4b3c-9766-89cf8828954f/vlcsnap-2025-04-29-15h13m02s464.png]
[images.squarespace-cdn.com/content/v1/67f17322235df916ad348b0e/46105c93-5e84-4a9c-96c1-e19965faef66/vlcsnap-2025-04-29-15h21m01s289.png]
[images.squarespace-cdn.com/content/v1/67f17322235df916ad348b0e/3da305b2-e5ea-49bb-9b8e-1b4ab37aa7e6/vlcsnap-2025-04-29-15h20m44s085.png]
[images.squarespace-cdn.com/content/v1/67f17322235df916ad348b0e/205d955d-c674-4d53-9f1e-1218327ae0ef/vlcsnap-2025-04-29-15h12m36s960.png]
[images.squarespace-cdn.com/content/v1/67f17322235df916ad348b0e/5a43d09f-51d3-4b4a-8395-216cd11e7cee/vlcsnap-2025-04-29-15h20m13s503.png]
[www.bucketheaddatabase.com/talon.html]
[images.squarespace-cdn.com/content/v1/67f17322235df916ad348b0e/1bfe72d8-3793-4aef-a966-b996f66648d6/vlcsnap-2025-04-29-18h30m34s651.png]
[images.squarespace-cdn.com/content/v1/67f17322235df916ad348b0e/a4751446-0403-48ea-92db-bac08f5f9232/vlcsnap-2025-04-29-18h30m47s710.png]
[images.squarespace-cdn.com/content/v1/67f17322235df916ad348b0e/5d4b95ab-763e-43e0-be95-ce6b3eae14e6/vlcsnap-2025-04-29-18h31m12s229.png]
[images.squarespace-cdn.com/content/v1/67f17322235df916ad348b0e/528d87f9-4d68-4ce7-9fa2-320f490f0a96/vlcsnap-2025-04-29-18h31m34s006.png]
[images.squarespace-cdn.com/content/v1/67f17322235df916ad348b0e/3b6e1315-b702-4fbe-8182-4b5834f001e6/vlcsnap-2025-04-29-18h32m02s024.png]
[images.squarespace-cdn.com/content/v1/67f17322235df916ad348b0e/2317e87d-6131-4cab-85bd-9b2f2fc23c26/vlcsnap-2025-04-29-18h33m08s944.png]
[www.bucketheaddatabase.com/esp-skulls.html]
[www.bucketheaddatabase.com/esp-mv.html]
[images.squarespace-cdn.com/content/v1/67f17322235df916ad348b0e/7e21df87-9e31-4687-bed6-9864c3414890/vlcsnap-2025-04-30-08h33m29s412.png]
[images.squarespace-cdn.com/content/v1/67f17322235df916ad348b0e/feda5cd5-a7ae-45bf-b0c4-8bb1454ea247/vlcsnap-2025-04-30-08h33m34s385.png]
[images.squarespace-cdn.com/content/v1/67f17322235df916ad348b0e/dad558fc-b379-4e27-88a2-eb542dc2d9e7/vlcsnap-2025-04-30-08h27m28s280.png]
[images.squarespace-cdn.com/content/v1/67f17322235df916ad348b0e/e5afa879-e65d-44ee-95b4-d43ae06ea22b/vlcsnap-2025-04-30-08h29m19s514.png]
[images.squarespace-cdn.com/content/v1/67f17322235df916ad348b0e/a4d11527-e1a0-458c-8adb-5c6567909b0a/vlcsnap-2025-04-30-08h30m20s079.png]
[www.bucketheaddatabase.com/esp-m-ii.html]
[images.squarespace-cdn.com/content/v1/67f17322235df916ad348b0e/83eb5b11-d8f4-4dc0-ae8d-f6b0cf1b102a/vlcsnap-2025-04-30-08h31m44s570.png]
[images.squarespace-cdn.com/content/v1/67f17322235df916ad348b0e/1dfa9844-36c1-4e1a-84da-f3e4ccc3d71e/vlcsnap-2025-04-29-19h31m48s992.png]
[images.squarespace-cdn.com/content/v1/67f17322235df916ad348b0e/2d660800-c594-4111-a0c7-4677c73c49f0/vlcsnap-2025-04-29-19h33m29s724.png]
[images.squarespace-cdn.com/content/v1/67f17322235df916ad348b0e/91520236-0f8a-4363-abc2-68c8e7c10e26/vlcsnap-2025-04-29-19h33m55s211.png]
[images.squarespace-cdn.com/content/v1/67f17322235df916ad348b0e/1bbffbc8-aecd-47bf-8549-75568fd951d8/vlcsnap-2025-04-29-19h33m59s460.png]
[images.squarespace-cdn.com/content/v1/67f17322235df916ad348b0e/ac9ba5c3-4867-4ef9-be8d-57bcbc30586d/vlcsnap-2025-04-29-19h34m56s755.png]
[images.squarespace-cdn.com/content/v1/67f17322235df916ad348b0e/9ec5cda2-a13e-4ba9-b26a-e9acdd7d61a2/vlcsnap-2025-04-29-19h35m12s850.png]
[www.bucketheaddatabase.com/rocket-roll.html]
[images.squarespace-cdn.com/content/v1/67f17322235df916ad348b0e/66efa324-f890-446c-abbe-3b350a3d683c/vlcsnap-2025-05-31-08h44m31s879.png]
[images.squarespace-cdn.com/content/v1/67f17322235df916ad348b0e/6b745f4d-2c38-463e-b56c-7fd7d58542ef/vlcsnap-2025-05-31-08h44m41s193.png]
[images.squarespace-cdn.com/content/v1/67f17322235df916ad348b0e/6285a35f-e4d3-4df8-962d-86ec8ab97cee/vlcsnap-2025-05-31-08h44m49s693.png]
[images.squarespace-cdn.com/content/v1/67f17322235df916ad348b0e/3ebbcb03-2b71-4f3a-ad25-169e3922b6fa/vlcsnap-2025-05-31-08h48m08s068.png]
[images.squarespace-cdn.com/content/v1/67f17322235df916ad348b0e/2b51b8bd-5740-4a13-aaf5-34cc8680e11e/491216466_592962426642887_3398115300684856421_n.jpg]
[images.squarespace-cdn.com/content/v1/67f17322235df916ad348b0e/fd47d2e9-48f9-4d0f-b9cd-aebc12ac3f9a/buckethead-20130608164630.jpg]
[images.squarespace-cdn.com/content/v1/67f17322235df916ad348b0e/8a1603a4-97bd-42d2-82e9-379f692592d8/a939a0bec42f27bc16fed906f7ca6ad0.jpg]
[www.bucketheaddatabase.com/coopwood.html]
[images.squarespace-cdn.com/content/v1/67f17322235df916ad348b0e/e3a5d509-6906-47d4-93cd-0d4e4e948ab1/2yw1zcsnruj51.jpg]
[images.squarespace-cdn.com/content/v1/67f17322235df916ad348b0e/76c6fde9-8de3-4d72-89d9-6c8ba312a876/491221682_3989398031320117_8733828216735390996_n.jpg]
[images.squarespace-cdn.com/content/v1/67f17322235df916ad348b0e/ccc92053-c4c8-4df2-92fb-34dd6f2002da/b8f65a76f2054e19119b20bda889bf0d.jpg]
[www.bucketheaddatabase.com/kfc-v.html]
[images.squarespace-cdn.com/content/v1/67f17322235df916ad348b0e/c54082c7-448a-4334-a975-42f2efc38ee4/vlcsnap-2025-05-01-20h29m53s102.png]
[images.squarespace-cdn.com/content/v1/67f17322235df916ad348b0e/d294623e-4473-4f14-b14c-f4b11b32c66f/vlcsnap-2025-05-01-20h28m51s011.png]
[images.squarespace-cdn.com/content/v1/67f17322235df916ad348b0e/131440cf-7f7c-473d-b3b5-c58e7a627b91/vlcsnap-2025-05-01-20h28m31s049.png]
[images.squarespace-cdn.com/content/v1/67f17322235df916ad348b0e/5c49c8a3-c05c-40ef-af8d-1a79b49b4171/vlcsnap-2025-05-01-20h33m59s920.png]
[images.squarespace-cdn.com/content/v1/67f17322235df916ad348b0e/4f9b002e-29e6-4fff-9a89-4575fcc57a24/vlcsnap-2025-05-01-20h33m01s551.png]
[images.squarespace-cdn.com/content/v1/67f17322235df916ad348b0e/daea2e13-4bb7-4fe5-8d86-4970a4673bca/vlcsnap-2025-05-01-20h39m18s199.png]
[images.squarespace-cdn.com/content/v1/67f17322235df916ad348b0e/9a13e561-8d91-4852-b9e8-24debb955288/vlcsnap-2025-05-01-20h45m33s735.png]
[images.squarespace-cdn.com/content/v1/67f17322235df916ad348b0e/a2bf3b90-ee67-43da-be67-6e04dce2cee4/vlcsnap-2025-05-01-20h50m36s539.png]
[images.squarespace-cdn.com/content/v1/67f17322235df916ad348b0e/faf9de64-d8b7-4c07-9466-d23263d5c685/vlcsnap-2025-05-01-20h54m20s971.png]
[www.bucketheaddatabase.com/gibson-lp-24-fret.html]
[images.squarespace-cdn.com/content/v1/67f17322235df916ad348b0e/22c9eecc-e9bc-4a11-9e1b-8a8d70d3e7b1/vlcsnap-2025-05-01-19h51m52s087.png]
[images.squarespace-cdn.com/content/v1/67f17322235df916ad348b0e/5c577f28-7c44-4db4-9c21-d0cafc1f07d4/vlcsnap-2025-05-01-20h07m47s808.png]
[images.squarespace-cdn.com/content/v1/67f17322235df916ad348b0e/c79bdb20-035a-46d8-85ad-b9664e63a5e1/vlcsnap-2025-05-01-20h09m21s659.png]
[images.squarespace-cdn.com/content/v1/67f17322235df916ad348b0e/2c863824-860d-4cb6-9c90-f07ace6a94ab/vlcsnap-2025-05-01-20h19m54s221.png]
[images.squarespace-cdn.com/content/v1/67f17322235df916ad348b0e/d89ec286-0338-410c-b116-89ae511f2754/vlcsnap-2025-05-01-20h17m45s423.png]
[www.bucketheaddatabase.com/gibson-lp-22-fret.html]
[images.squarespace-cdn.com/content/v1/67f17322235df916ad348b0e/7ba9cfd6-b7d9-46c5-856a-b035cec0f475/0913buckethands.jpg]
[images.squarespace-cdn.com/content/v1/67f17322235df916ad348b0e/18416a41-6128-4f2a-b218-ca115736b2e9/vlcsnap-2025-09-25-21h08m36s300.png]
[images.squarespace-cdn.com/content/v1/67f17322235df916ad348b0e/a5cd45ca-b34a-4f0b-ab32-51f7e8c257a6/vlcsnap-2025-09-25-21h08m06s563.png]
[images.squarespace-cdn.com/content/v1/67f17322235df916ad348b0e/5b7ba78d-8b07-498f-a2b0-714aedfcfe9b/vlcsnap-2025-09-25-21h09m12s385.png]
[images.squarespace-cdn.com/content/v1/67f17322235df916ad348b0e/b6e092f5-a5a6-4d71-b8d8-585632b49635/vlcsnap-2025-09-25-21h09m03s446.png]
[www.bucketheaddatabase.com/yamaha-custom.html]
[images.squarespace-cdn.com/content/v1/67f17322235df916ad348b0e/839f886d-aa75-4e5b-a391-fb6f04b942c4/899ad5_2ea43f623ee54ed5adb23ea3fc2e3b25_mv2.jpg]
[images.squarespace-cdn.com/content/v1/67f17322235df916ad348b0e/f1f3f810-d48b-4a9b-b675-219d1041bd6c/2hmy23ptqmj51.jpg]
[images.squarespace-cdn.com/content/v1/67f17322235df916ad348b0e/660daa50-5625-44dc-83ed-fa3755e8a8d8/buckethead-hardly-strictly-bluegrass-2011.jpg]
[images.squarespace-cdn.com/content/v1/67f17322235df916ad348b0e/5e454b5e-c5b3-4816-9f9c-dd633ec4a904/541060201_772945648475696_3691057673361254845_n.png]
[www.bucketheaddatabase.com/gibson-lp-sig.html]
[images.squarespace-cdn.com/content/v1/67f17322235df916ad348b0e/dead6ba0-92da-480b-8610-4089037e7a82/CaMWz46WkAAXFzP.jpg]
[images.squarespace-cdn.com/content/v1/67f17322235df916ad348b0e/1940e455-b71b-45d6-b042-c30f70c16ac5/NG3A9548.jpg]
[images.squarespace-cdn.com/content/v1/67f17322235df916ad348b0e/05df8923-747c-44ec-a262-a6c4604a60f0/Buckethead-5D4-STL.056.jpg]
[images.squarespace-cdn.com/content/v1/67f17322235df916ad348b0e/65fa9cbe-f495-444b-b403-0b4904d22bdd/maxresdefault.jpg]
[www.bucketheaddatabase.com/gibson-lp-studio.html]
[images.squarespace-cdn.com/content/v1/67f17322235df916ad348b0e/9a3bb914-e9c9-4aca-b5d9-ca2a3eeb88e5/buckethead-live-getty@2000x1500.jpg]
